<?xml version="1.0" encoding="UTF-8"?>
<!-- Generated by org.testng.reporters.JUnitReportReporter -->
<testsuite skipped="0" hostname="DESKTOP-18B12HC" name="com.buffalocart.test.LogInPageTest" tests="3" failures="0" timestamp="2022-04-26T21:03:28 IST" time="85.763" errors="0">
  <testcase name="verify_User_Error_Login_With_InValid_User_Credentials1" time="38.444" classname="com.buffalocart.test.LogInPageTest"/>
  <system-out/>
  <testcase name="verify_User_Error_Login_With_InValid_User_Credentials1" time="25.262" classname="com.buffalocart.test.LogInPageTest"/>
  <system-out/>
  <testcase name="verify_User_Error_Login_With_InValid_User_Credentials1" time="22.057" classname="com.buffalocart.test.LogInPageTest"/>
  <system-out/>
</testsuite> <!-- com.buffalocart.test.LogInPageTest -->
