<?xml version="1.0" encoding="UTF-8"?>
<!-- Generated by org.testng.reporters.JUnitReportReporter -->
<testsuite skipped="0" hostname="DESKTOP-18B12HC" name="com.buffalocart.test.LogInPageTest" tests="1" failures="0" timestamp="2022-04-25T23:51:01 IST" time="31.530" errors="0">
  <testcase name="verify_User_Login_With_Valid_User_Credentials" time="31.530" classname="com.buffalocart.test.LogInPageTest"/>
  <system-out/>
</testsuite> <!-- com.buffalocart.test.LogInPageTest -->
